<?xml version="1.0" encoding="UTF-8"?>
<!-- Generated by org.testng.reporters.JUnitReportReporter -->
<testsuite skipped="0" hostname="Jayashrees-MacBook-Air.local" name="com.mystore.testcases.LoginPageTest" tests="1" failures="0" timestamp="2022-03-13T12:39:04 IST" time="22.528" errors="0">
  <testcase name="UserLogin" time="22.528" classname="com.mystore.testcases.LoginPageTest"/>
  <system-out/>
</testsuite> <!-- com.mystore.testcases.LoginPageTest -->
