<?xml version="1.0" encoding="UTF-8"?>
<!-- Generated by org.testng.reporters.JUnitReportReporter -->
<testsuite skipped="0" hostname="Jayashrees-MacBook-Air.local" name="com.mystore.testcases.IndexPageTest" tests="4" failures="0" timestamp="2022-03-13T13:00:27 IST" time="63.941" errors="0">
  <testcase name="testingIndexPage" time="11.775" classname="com.mystore.testcases.IndexPageTest"/>
  <system-out/>
  <testcase name="validateStoreTitleDisplay" time="19.388" classname="com.mystore.testcases.IndexPageTest"/>
  <system-out/>
  <testcase name="testingIndexPage" time="9.604" classname="com.mystore.testcases.IndexPageTest"/>
  <system-out/>
  <testcase name="validateStoreTitleDisplay" time="23.174" classname="com.mystore.testcases.IndexPageTest"/>
  <system-out/>
</testsuite> <!-- com.mystore.testcases.IndexPageTest -->
