<?xml version="1.0" encoding="UTF-8"?>
<!-- Generated by org.testng.reporters.JUnitReportReporter -->
<testsuite skipped="0" hostname="Jayashrees-MacBook-Air.local" name="com.mystore.testcases.EndtoEnd_Purchase_flow" tests="1" failures="0" timestamp="2022-03-13T12:38:49 IST" time="31.656" errors="0">
  <testcase name="placeOrder" time="31.656" classname="com.mystore.testcases.EndtoEnd_Purchase_flow"/>
  <system-out/>
</testsuite> <!-- com.mystore.testcases.EndtoEnd_Purchase_flow -->
