<?xml version="1.0" encoding="UTF-8"?>
<!-- Generated by org.testng.reporters.JUnitReportReporter -->
<testsuite skipped="0" hostname="Jayashrees-MacBook-Air.local" name="com.mystore.testcases.LogInTest_Using_ExcelDataProvider" tests="3" failures="0" timestamp="2022-03-13T13:57:54 IST" time="56.602" errors="0">
  <testcase name="UserLogin_with_DataDriven" time="24.771" classname="com.mystore.testcases.LogInTest_Using_ExcelDataProvider"/>
  <system-out/>
  <testcase name="UserLogin_with_DataDriven" time="14.445" classname="com.mystore.testcases.LogInTest_Using_ExcelDataProvider"/>
  <system-out/>
  <testcase name="UserLogin_with_DataDriven" time="17.386" classname="com.mystore.testcases.LogInTest_Using_ExcelDataProvider"/>
  <system-out/>
</testsuite> <!-- com.mystore.testcases.LogInTest_Using_ExcelDataProvider -->
