<?xml version="1.0" encoding="UTF-8"?>
<!-- Generated by org.testng.reporters.JUnitReportReporter -->
<testsuite skipped="0" hostname="Jayashrees-MacBook-Air.local" name="com.mystore.testcases.AccountCreationblockDisplayTest" tests="1" failures="0" timestamp="2022-03-13T12:38:54 IST" time="13.052" errors="0">
  <testcase name="createaccountBlockDisplay" time="13.052" classname="com.mystore.testcases.AccountCreationblockDisplayTest"/>
  <system-out/>
</testsuite> <!-- com.mystore.testcases.AccountCreationblockDisplayTest -->
