<?xml version="1.0" encoding="UTF-8"?>
<!-- Generated by org.testng.reporters.JUnitReportReporter -->
<testsuite skipped="0" hostname="Jayashrees-MacBook-Air.local" name="com.mystore.testcases.EndtoEnd_Purchase_flow" tests="1" failures="0" timestamp="2022-03-13T20:35:44 IST" time="48.246" errors="0">
  <testcase name="placeOrder" time="48.246" classname="com.mystore.testcases.EndtoEnd_Purchase_flow"/>
  <system-out/>
</testsuite> <!-- com.mystore.testcases.EndtoEnd_Purchase_flow -->
