<?xml version="1.0" encoding="UTF-8"?>
<!-- Generated by org.testng.reporters.JUnitReportReporter -->
<testsuite skipped="0" hostname="Jayashrees-MacBook-Air.local" name="com.mystore.testcases.AccountCreationPageTest" tests="1" failures="0" timestamp="2022-03-11T15:54:46 IST" time="21.400" errors="0">
  <testcase name="createaccountBlockDisplay" time="21.400" classname="com.mystore.testcases.AccountCreationPageTest"/>
  <system-out/>
</testsuite> <!-- com.mystore.testcases.AccountCreationPageTest -->
