<?xml version="1.0" encoding="UTF-8"?>
<!-- Generated by org.testng.reporters.JUnitReportReporter -->
<testsuite skipped="0" hostname="Jayashrees-MacBook-Air.local" name="com.mystore.testcases.HomePageTest" tests="1" failures="0" timestamp="2022-03-13T12:39:09 IST" time="14.860" errors="0">
  <testcase name="wishlist_and_orderHistory_Display" time="14.860" classname="com.mystore.testcases.HomePageTest"/>
  <system-out/>
</testsuite> <!-- com.mystore.testcases.HomePageTest -->
